<?xml version="1.0" encoding="UTF-8"?>
<testsuite xmlns:xsi="http://www.w3.org/2001/XMLSchema-instance" xsi:noNamespaceSchemaLocation="https://maven.apache.org/surefire/maven-surefire-plugin/xsd/surefire-test-report.xsd" name="com.stacksimplify.restservices.UserManagementApplicationTests" time="0.038" tests="1" errors="0" skipped="0" failures="0">
  <properties>
    <property name="gopherProxySet" value="false"/>
    <property name="awt.toolkit" value="sun.lwawt.macosx.LWCToolkit"/>
    <property name="file.encoding.pkg" value="sun.io"/>
    <property name="java.specification.version" value="1.8"/>
    <property name="sun.cpu.isalist" value=""/>
    <property name="sun.jnu.encoding" value="UTF-8"/>
    <property name="java.class.path" value="/Users/kdaida/Documents/Courses-Main/Mac-Udemy-Courses-Root/Course-06-AWS-Fargate-ECS-MasterClass/github-content/aws-fargate-ecs-masterclass/04-usermgmt-mysql-ECR-Integration/target/test-classes:/Users/kdaida/Documents/Courses-Main/Mac-Udemy-Courses-Root/Course-06-AWS-Fargate-ECS-MasterClass/github-content/aws-fargate-ecs-masterclass/04-usermgmt-mysql-ECR-Integration/target/classes:/Users/kdaida/.m2/repository/org/springframework/boot/spring-boot-starter-web/2.1.4.RELEASE/spring-boot-starter-web-2.1.4.RELEASE.jar:/Users/kdaida/.m2/repository/org/springframework/boot/spring-boot-starter/2.1.4.RELEASE/spring-boot-starter-2.1.4.RELEASE.jar:/Users/kdaida/.m2/repository/org/springframework/boot/spring-boot-starter-logging/2.1.4.RELEASE/spring-boot-starter-logging-2.1.4.RELEASE.jar:/Users/kdaida/.m2/repository/ch/qos/logback/logback-classic/1.2.3/logback-classic-1.2.3.jar:/Users/kdaida/.m2/repository/ch/qos/logback/logback-core/1.2.3/logback-core-1.2.3.jar:/Users/kdaida/.m2/repository/org/apache/logging/log4j/log4j-to-slf4j/2.11.2/log4j-to-slf4j-2.11.2.jar:/Users/kdaida/.m2/repository/org/apache/logging/log4j/log4j-api/2.11.2/log4j-api-2.11.2.jar:/Users/kdaida/.m2/repository/org/slf4j/jul-to-slf4j/1.7.26/jul-to-slf4j-1.7.26.jar:/Users/kdaida/.m2/repository/javax/annotation/javax.annotation-api/1.3.2/javax.annotation-api-1.3.2.jar:/Users/kdaida/.m2/repository/org/yaml/snakeyaml/1.23/snakeyaml-1.23.jar:/Users/kdaida/.m2/repository/org/springframework/boot/spring-boot-starter-json/2.1.4.RELEASE/spring-boot-starter-json-2.1.4.RELEASE.jar:/Users/kdaida/.m2/repository/com/fasterxml/jackson/datatype/jackson-datatype-jdk8/2.9.8/jackson-datatype-jdk8-2.9.8.jar:/Users/kdaida/.m2/repository/com/fasterxml/jackson/datatype/jackson-datatype-jsr310/2.9.8/jackson-datatype-jsr310-2.9.8.jar:/Users/kdaida/.m2/repository/com/fasterxml/jackson/module/jackson-module-parameter-names/2.9.8/jackson-module-parameter-names-2.9.8.jar:/Users/kdaida/.m2/repository/org/springframework/boot/spring-boot-starter-tomcat/2.1.4.RELEASE/spring-boot-starter-tomcat-2.1.4.RELEASE.jar:/Users/kdaida/.m2/repository/org/apache/tomcat/embed/tomcat-embed-core/9.0.17/tomcat-embed-core-9.0.17.jar:/Users/kdaida/.m2/repository/org/apache/tomcat/embed/tomcat-embed-el/9.0.17/tomcat-embed-el-9.0.17.jar:/Users/kdaida/.m2/repository/org/apache/tomcat/embed/tomcat-embed-websocket/9.0.17/tomcat-embed-websocket-9.0.17.jar:/Users/kdaida/.m2/repository/org/hibernate/validator/hibernate-validator/6.0.16.Final/hibernate-validator-6.0.16.Final.jar:/Users/kdaida/.m2/repository/javax/validation/validation-api/2.0.1.Final/validation-api-2.0.1.Final.jar:/Users/kdaida/.m2/repository/org/jboss/logging/jboss-logging/3.3.2.Final/jboss-logging-3.3.2.Final.jar:/Users/kdaida/.m2/repository/org/springframework/spring-web/5.1.6.RELEASE/spring-web-5.1.6.RELEASE.jar:/Users/kdaida/.m2/repository/org/springframework/spring-webmvc/5.1.6.RELEASE/spring-webmvc-5.1.6.RELEASE.jar:/Users/kdaida/.m2/repository/org/springframework/spring-expression/5.1.6.RELEASE/spring-expression-5.1.6.RELEASE.jar:/Users/kdaida/.m2/repository/org/springframework/boot/spring-boot-starter-data-jpa/2.1.4.RELEASE/spring-boot-starter-data-jpa-2.1.4.RELEASE.jar:/Users/kdaida/.m2/repository/org/springframework/boot/spring-boot-starter-aop/2.1.4.RELEASE/spring-boot-starter-aop-2.1.4.RELEASE.jar:/Users/kdaida/.m2/repository/org/aspectj/aspectjweaver/1.9.2/aspectjweaver-1.9.2.jar:/Users/kdaida/.m2/repository/org/springframework/boot/spring-boot-starter-jdbc/2.1.4.RELEASE/spring-boot-starter-jdbc-2.1.4.RELEASE.jar:/Users/kdaida/.m2/repository/com/zaxxer/HikariCP/3.2.0/HikariCP-3.2.0.jar:/Users/kdaida/.m2/repository/org/springframework/spring-jdbc/5.1.6.RELEASE/spring-jdbc-5.1.6.RELEASE.jar:/Users/kdaida/.m2/repository/javax/transaction/javax.transaction-api/1.3/javax.transaction-api-1.3.jar:/Users/kdaida/.m2/repository/javax/xml/bind/jaxb-api/2.3.1/jaxb-api-2.3.1.jar:/Users/kdaida/.m2/repository/javax/activation/javax.activation-api/1.2.0/javax.activation-api-1.2.0.jar:/Users/kdaida/.m2/repository/org/hibernate/hibernate-core/5.3.9.Final/hibernate-core-5.3.9.Final.jar:/Users/kdaida/.m2/repository/javax/persistence/javax.persistence-api/2.2/javax.persistence-api-2.2.jar:/Users/kdaida/.m2/repository/org/javassist/javassist/3.23.1-GA/javassist-3.23.1-GA.jar:/Users/kdaida/.m2/repository/net/bytebuddy/byte-buddy/1.9.12/byte-buddy-1.9.12.jar:/Users/kdaida/.m2/repository/antlr/antlr/2.7.7/antlr-2.7.7.jar:/Users/kdaida/.m2/repository/org/jboss/jandex/2.0.5.Final/jandex-2.0.5.Final.jar:/Users/kdaida/.m2/repository/org/dom4j/dom4j/2.1.1/dom4j-2.1.1.jar:/Users/kdaida/.m2/repository/org/hibernate/common/hibernate-commons-annotations/5.0.4.Final/hibernate-commons-annotations-5.0.4.Final.jar:/Users/kdaida/.m2/repository/org/springframework/data/spring-data-jpa/2.1.6.RELEASE/spring-data-jpa-2.1.6.RELEASE.jar:/Users/kdaida/.m2/repository/org/springframework/data/spring-data-commons/2.1.6.RELEASE/spring-data-commons-2.1.6.RELEASE.jar:/Users/kdaida/.m2/repository/org/springframework/spring-orm/5.1.6.RELEASE/spring-orm-5.1.6.RELEASE.jar:/Users/kdaida/.m2/repository/org/springframework/spring-tx/5.1.6.RELEASE/spring-tx-5.1.6.RELEASE.jar:/Users/kdaida/.m2/repository/org/springframework/spring-aspects/5.1.6.RELEASE/spring-aspects-5.1.6.RELEASE.jar:/Users/kdaida/.m2/repository/mysql/mysql-connector-java/8.0.15/mysql-connector-java-8.0.15.jar:/Users/kdaida/.m2/repository/org/apache/commons/commons-dbcp2/2.5.0/commons-dbcp2-2.5.0.jar:/Users/kdaida/.m2/repository/org/apache/commons/commons-pool2/2.6.1/commons-pool2-2.6.1.jar:/Users/kdaida/.m2/repository/commons-io/commons-io/2.5/commons-io-2.5.jar:/Users/kdaida/.m2/repository/org/springframework/boot/spring-boot-starter-security/2.1.4.RELEASE/spring-boot-starter-security-2.1.4.RELEASE.jar:/Users/kdaida/.m2/repository/org/springframework/spring-aop/5.1.6.RELEASE/spring-aop-5.1.6.RELEASE.jar:/Users/kdaida/.m2/repository/org/springframework/security/spring-security-config/5.1.5.RELEASE/spring-security-config-5.1.5.RELEASE.jar:/Users/kdaida/.m2/repository/org/springframework/security/spring-security-core/5.1.5.RELEASE/spring-security-core-5.1.5.RELEASE.jar:/Users/kdaida/.m2/repository/org/springframework/security/spring-security-web/5.1.5.RELEASE/spring-security-web-5.1.5.RELEASE.jar:/Users/kdaida/.m2/repository/org/springframework/security/oauth/boot/spring-security-oauth2-autoconfigure/2.1.4.RELEASE/spring-security-oauth2-autoconfigure-2.1.4.RELEASE.jar:/Users/kdaida/.m2/repository/com/fasterxml/jackson/core/jackson-annotations/2.9.0/jackson-annotations-2.9.0.jar:/Users/kdaida/.m2/repository/com/fasterxml/jackson/core/jackson-databind/2.9.8/jackson-databind-2.9.8.jar:/Users/kdaida/.m2/repository/com/sun/xml/bind/jaxb-core/2.3.0.1/jaxb-core-2.3.0.1.jar:/Users/kdaida/.m2/repository/com/sun/xml/bind/jaxb-impl/2.3.0.1/jaxb-impl-2.3.0.1.jar:/Users/kdaida/.m2/repository/org/springframework/boot/spring-boot/2.1.4.RELEASE/spring-boot-2.1.4.RELEASE.jar:/Users/kdaida/.m2/repository/org/springframework/boot/spring-boot-autoconfigure/2.1.4.RELEASE/spring-boot-autoconfigure-2.1.4.RELEASE.jar:/Users/kdaida/.m2/repository/org/springframework/security/oauth/spring-security-oauth2/2.3.5.RELEASE/spring-security-oauth2-2.3.5.RELEASE.jar:/Users/kdaida/.m2/repository/org/codehaus/jackson/jackson-mapper-asl/1.9.13/jackson-mapper-asl-1.9.13.jar:/Users/kdaida/.m2/repository/org/codehaus/jackson/jackson-core-asl/1.9.13/jackson-core-asl-1.9.13.jar:/Users/kdaida/.m2/repository/org/springframework/security/spring-security-jwt/1.0.10.RELEASE/spring-security-jwt-1.0.10.RELEASE.jar:/Users/kdaida/.m2/repository/org/bouncycastle/bcpkix-jdk15on/1.60/bcpkix-jdk15on-1.60.jar:/Users/kdaida/.m2/repository/commons-dbcp/commons-dbcp/1.4/commons-dbcp-1.4.jar:/Users/kdaida/.m2/repository/commons-pool/commons-pool/1.6/commons-pool-1.6.jar:/Users/kdaida/.m2/repository/org/springframework/boot/spring-boot-starter-cache/2.1.4.RELEASE/spring-boot-starter-cache-2.1.4.RELEASE.jar:/Users/kdaida/.m2/repository/com/vladsch/flexmark/flexmark-all/0.40.16/flexmark-all-0.40.16.jar:/Users/kdaida/.m2/repository/com/vladsch/flexmark/flexmark/0.40.16/flexmark-0.40.16.jar:/Users/kdaida/.m2/repository/com/vladsch/flexmark/flexmark-ext-abbreviation/0.40.16/flexmark-ext-abbreviation-0.40.16.jar:/Users/kdaida/.m2/repository/com/vladsch/flexmark/flexmark-ext-admonition/0.40.16/flexmark-ext-admonition-0.40.16.jar:/Users/kdaida/.m2/repository/com/vladsch/flexmark/flexmark-ext-anchorlink/0.40.16/flexmark-ext-anchorlink-0.40.16.jar:/Users/kdaida/.m2/repository/com/vladsch/flexmark/flexmark-ext-aside/0.40.16/flexmark-ext-aside-0.40.16.jar:/Users/kdaida/.m2/repository/com/vladsch/flexmark/flexmark-ext-attributes/0.40.16/flexmark-ext-attributes-0.40.16.jar:/Users/kdaida/.m2/repository/com/vladsch/flexmark/flexmark-ext-autolink/0.40.16/flexmark-ext-autolink-0.40.16.jar:/Users/kdaida/.m2/repository/org/nibor/autolink/autolink/0.6.0/autolink-0.6.0.jar:/Users/kdaida/.m2/repository/com/vladsch/flexmark/flexmark-ext-definition/0.40.16/flexmark-ext-definition-0.40.16.jar:/Users/kdaida/.m2/repository/com/vladsch/flexmark/flexmark-ext-emoji/0.40.16/flexmark-ext-emoji-0.40.16.jar:/Users/kdaida/.m2/repository/com/vladsch/flexmark/flexmark-ext-enumerated-reference/0.40.16/flexmark-ext-enumerated-reference-0.40.16.jar:/Users/kdaida/.m2/repository/com/vladsch/flexmark/flexmark-ext-escaped-character/0.40.16/flexmark-ext-escaped-character-0.40.16.jar:/Users/kdaida/.m2/repository/com/vladsch/flexmark/flexmark-ext-footnotes/0.40.16/flexmark-ext-footnotes-0.40.16.jar:/Users/kdaida/.m2/repository/com/vladsch/flexmark/flexmark-ext-gfm-issues/0.40.16/flexmark-ext-gfm-issues-0.40.16.jar:/Users/kdaida/.m2/repository/com/vladsch/flexmark/flexmark-ext-gfm-strikethrough/0.40.16/flexmark-ext-gfm-strikethrough-0.40.16.jar:/Users/kdaida/.m2/repository/com/vladsch/flexmark/flexmark-ext-gfm-tables/0.40.16/flexmark-ext-gfm-tables-0.40.16.jar:/Users/kdaida/.m2/repository/com/vladsch/flexmark/flexmark-ext-gfm-tasklist/0.40.16/flexmark-ext-gfm-tasklist-0.40.16.jar:/Users/kdaida/.m2/repository/com/vladsch/flexmark/flexmark-ext-gfm-users/0.40.16/flexmark-ext-gfm-users-0.40.16.jar:/Users/kdaida/.m2/repository/com/vladsch/flexmark/flexmark-ext-gitlab/0.40.16/flexmark-ext-gitlab-0.40.16.jar:/Users/kdaida/.m2/repository/com/vladsch/flexmark/flexmark-ext-jekyll-front-matter/0.40.16/flexmark-ext-jekyll-front-matter-0.40.16.jar:/Users/kdaida/.m2/repository/com/vladsch/flexmark/flexmark-ext-jekyll-tag/0.40.16/flexmark-ext-jekyll-tag-0.40.16.jar:/Users/kdaida/.m2/repository/com/vladsch/flexmark/flexmark-ext-media-tags/0.40.16/flexmark-ext-media-tags-0.40.16.jar:/Users/kdaida/.m2/repository/com/vladsch/flexmark/flexmark-ext-macros/0.40.16/flexmark-ext-macros-0.40.16.jar:/Users/kdaida/.m2/repository/com/vladsch/flexmark/flexmark-ext-ins/0.40.16/flexmark-ext-ins-0.40.16.jar:/Users/kdaida/.m2/repository/com/vladsch/flexmark/flexmark-ext-xwiki-macros/0.40.16/flexmark-ext-xwiki-macros-0.40.16.jar:/Users/kdaida/.m2/repository/com/vladsch/flexmark/flexmark-ext-superscript/0.40.16/flexmark-ext-superscript-0.40.16.jar:/Users/kdaida/.m2/repository/com/vladsch/flexmark/flexmark-ext-tables/0.40.16/flexmark-ext-tables-0.40.16.jar:/Users/kdaida/.m2/repository/com/vladsch/flexmark/flexmark-ext-toc/0.40.16/flexmark-ext-toc-0.40.16.jar:/Users/kdaida/.m2/repository/com/vladsch/flexmark/flexmark-ext-typographic/0.40.16/flexmark-ext-typographic-0.40.16.jar:/Users/kdaida/.m2/repository/com/vladsch/flexmark/flexmark-ext-wikilink/0.40.16/flexmark-ext-wikilink-0.40.16.jar:/Users/kdaida/.m2/repository/com/vladsch/flexmark/flexmark-ext-yaml-front-matter/0.40.16/flexmark-ext-yaml-front-matter-0.40.16.jar:/Users/kdaida/.m2/repository/com/vladsch/flexmark/flexmark-ext-youtube-embedded/0.40.16/flexmark-ext-youtube-embedded-0.40.16.jar:/Users/kdaida/.m2/repository/com/vladsch/flexmark/flexmark-formatter/0.40.16/flexmark-formatter-0.40.16.jar:/Users/kdaida/.m2/repository/com/vladsch/flexmark/flexmark-html-parser/0.40.16/flexmark-html-parser-0.40.16.jar:/Users/kdaida/.m2/repository/org/jsoup/jsoup/1.10.2/jsoup-1.10.2.jar:/Users/kdaida/.m2/repository/com/vladsch/flexmark/flexmark-jira-converter/0.40.16/flexmark-jira-converter-0.40.16.jar:/Users/kdaida/.m2/repository/com/vladsch/flexmark/flexmark-pdf-converter/0.40.16/flexmark-pdf-converter-0.40.16.jar:/Users/kdaida/.m2/repository/com/openhtmltopdf/openhtmltopdf-core/0.0.1-RC13/openhtmltopdf-core-0.0.1-RC13.jar:/Users/kdaida/.m2/repository/com/openhtmltopdf/openhtmltopdf-pdfbox/0.0.1-RC13/openhtmltopdf-pdfbox-0.0.1-RC13.jar:/Users/kdaida/.m2/repository/org/apache/pdfbox/pdfbox/2.0.8/pdfbox-2.0.8.jar:/Users/kdaida/.m2/repository/org/apache/pdfbox/fontbox/2.0.8/fontbox-2.0.8.jar:/Users/kdaida/.m2/repository/org/apache/pdfbox/xmpbox/2.0.8/xmpbox-2.0.8.jar:/Users/kdaida/.m2/repository/de/rototor/pdfbox/graphics2d/0.12/graphics2d-0.12.jar:/Users/kdaida/.m2/repository/com/openhtmltopdf/openhtmltopdf-rtl-support/0.0.1-RC13/openhtmltopdf-rtl-support-0.0.1-RC13.jar:/Users/kdaida/.m2/repository/com/ibm/icu/icu4j/59.1/icu4j-59.1.jar:/Users/kdaida/.m2/repository/com/openhtmltopdf/openhtmltopdf-jsoup-dom-converter/0.0.1-RC13/openhtmltopdf-jsoup-dom-converter-0.0.1-RC13.jar:/Users/kdaida/.m2/repository/com/vladsch/flexmark/flexmark-profile-pegdown/0.40.16/flexmark-profile-pegdown-0.40.16.jar:/Users/kdaida/.m2/repository/com/vladsch/flexmark/flexmark-util/0.40.16/flexmark-util-0.40.16.jar:/Users/kdaida/.m2/repository/com/vladsch/flexmark/flexmark-youtrack-converter/0.40.16/flexmark-youtrack-converter-0.40.16.jar:/Users/kdaida/.m2/repository/com/github/jknack/handlebars/4.1.2/handlebars-4.1.2.jar:/Users/kdaida/.m2/repository/org/slf4j/slf4j-api/1.7.26/slf4j-api-1.7.26.jar:/Users/kdaida/.m2/repository/org/json/json/20180813/json-20180813.jar:/Users/kdaida/.m2/repository/org/apache/commons/commons-text/1.1/commons-text-1.1.jar:/Users/kdaida/.m2/repository/org/apache/commons/commons-lang3/3.8.1/commons-lang3-3.8.1.jar:/Users/kdaida/.m2/repository/org/apache/poi/poi/3.15/poi-3.15.jar:/Users/kdaida/.m2/repository/commons-codec/commons-codec/1.11/commons-codec-1.11.jar:/Users/kdaida/.m2/repository/org/apache/commons/commons-collections4/4.1/commons-collections4-4.1.jar:/Users/kdaida/.m2/repository/org/apache/poi/poi-ooxml-schemas/3.15/poi-ooxml-schemas-3.15.jar:/Users/kdaida/.m2/repository/org/apache/xmlbeans/xmlbeans/2.6.0/xmlbeans-2.6.0.jar:/Users/kdaida/.m2/repository/stax/stax-api/1.0.1/stax-api-1.0.1.jar:/Users/kdaida/.m2/repository/org/apache/poi/poi-ooxml/3.15/poi-ooxml-3.15.jar:/Users/kdaida/.m2/repository/com/github/virtuald/curvesapi/1.04/curvesapi-1.04.jar:/Users/kdaida/.m2/repository/fr/opensagres/xdocreport/org.apache.poi.xwpf.converter.core/1.0.6/org.apache.poi.xwpf.converter.core-1.0.6.jar:/Users/kdaida/.m2/repository/org/apache/poi/ooxml-schemas/1.1/ooxml-schemas-1.1.jar:/Users/kdaida/.m2/repository/fr/opensagres/xdocreport/org.apache.poi.xwpf.converter.pdf/1.0.6/org.apache.poi.xwpf.converter.pdf-1.0.6.jar:/Users/kdaida/.m2/repository/fr/opensagres/xdocreport/fr.opensagres.xdocreport.itext.extension/2.0.0/fr.opensagres.xdocreport.itext.extension-2.0.0.jar:/Users/kdaida/.m2/repository/com/lowagie/itext/2.1.7/itext-2.1.7.jar:/Users/kdaida/.m2/repository/com/itextpdf/itextpdf/5.5.13/itextpdf-5.5.13.jar:/Users/kdaida/.m2/repository/org/springframework/spring-context-support/5.1.6.RELEASE/spring-context-support-5.1.6.RELEASE.jar:/Users/kdaida/.m2/repository/org/springframework/spring-beans/5.1.6.RELEASE/spring-beans-5.1.6.RELEASE.jar:/Users/kdaida/.m2/repository/org/springframework/spring-context/5.1.6.RELEASE/spring-context-5.1.6.RELEASE.jar:/Users/kdaida/.m2/repository/org/springframework/spring-core/5.1.6.RELEASE/spring-core-5.1.6.RELEASE.jar:/Users/kdaida/.m2/repository/org/springframework/spring-jcl/5.1.6.RELEASE/spring-jcl-5.1.6.RELEASE.jar:/Users/kdaida/.m2/repository/javax/mail/javax.mail-api/1.5.5/javax.mail-api-1.5.5.jar:/Users/kdaida/.m2/repository/javax/mail/mail/1.4.7/mail-1.4.7.jar:/Users/kdaida/.m2/repository/javax/activation/activation/1.1/activation-1.1.jar:/Users/kdaida/.m2/repository/com/docusign/docusign-esign-java/2.9.0/docusign-esign-java-2.9.0.jar:/Users/kdaida/.m2/repository/io/swagger/swagger-annotations/1.5.8/swagger-annotations-1.5.8.jar:/Users/kdaida/.m2/repository/com/sun/jersey/jersey-client/1.19.1/jersey-client-1.19.1.jar:/Users/kdaida/.m2/repository/com/sun/jersey/jersey-core/1.19.1/jersey-core-1.19.1.jar:/Users/kdaida/.m2/repository/javax/ws/rs/jsr311-api/1.1.1/jsr311-api-1.1.1.jar:/Users/kdaida/.m2/repository/com/sun/jersey/contribs/jersey-multipart/1.19.1/jersey-multipart-1.19.1.jar:/Users/kdaida/.m2/repository/org/jvnet/mimepull/mimepull/1.9.11/mimepull-1.9.11.jar:/Users/kdaida/.m2/repository/com/fasterxml/jackson/core/jackson-core/2.9.8/jackson-core-2.9.8.jar:/Users/kdaida/.m2/repository/com/fasterxml/jackson/jaxrs/jackson-jaxrs-json-provider/2.9.8/jackson-jaxrs-json-provider-2.9.8.jar:/Users/kdaida/.m2/repository/com/fasterxml/jackson/jaxrs/jackson-jaxrs-base/2.9.8/jackson-jaxrs-base-2.9.8.jar:/Users/kdaida/.m2/repository/com/fasterxml/jackson/module/jackson-module-jaxb-annotations/2.9.8/jackson-module-jaxb-annotations-2.9.8.jar:/Users/kdaida/.m2/repository/com/fasterxml/jackson/dataformat/jackson-dataformat-csv/2.9.8/jackson-dataformat-csv-2.9.8.jar:/Users/kdaida/.m2/repository/com/fasterxml/jackson/datatype/jackson-datatype-joda/2.9.8/jackson-datatype-joda-2.9.8.jar:/Users/kdaida/.m2/repository/joda-time/joda-time/2.10.1/joda-time-2.10.1.jar:/Users/kdaida/.m2/repository/org/apache/oltu/oauth2/org.apache.oltu.oauth2.client/1.0.2/org.apache.oltu.oauth2.client-1.0.2.jar:/Users/kdaida/.m2/repository/org/apache/oltu/oauth2/org.apache.oltu.oauth2.common/1.0.2/org.apache.oltu.oauth2.common-1.0.2.jar:/Users/kdaida/.m2/repository/com/auth0/java-jwt/3.4.1/java-jwt-3.4.1.jar:/Users/kdaida/.m2/repository/org/bouncycastle/bcprov-jdk15on/1.60/bcprov-jdk15on-1.60.jar:/Users/kdaida/.m2/repository/com/brsanthu/migbase64/2.2/migbase64-2.2.jar:/Users/kdaida/.m2/repository/com/opencsv/opencsv/4.5/opencsv-4.5.jar:/Users/kdaida/.m2/repository/commons-beanutils/commons-beanutils/1.9.3/commons-beanutils-1.9.3.jar:/Users/kdaida/.m2/repository/commons-logging/commons-logging/1.2/commons-logging-1.2.jar:/Users/kdaida/.m2/repository/commons-collections/commons-collections/3.2.2/commons-collections-3.2.2.jar:/Users/kdaida/.m2/repository/org/springframework/boot/spring-boot-starter-actuator/2.1.4.RELEASE/spring-boot-starter-actuator-2.1.4.RELEASE.jar:/Users/kdaida/.m2/repository/org/springframework/boot/spring-boot-actuator-autoconfigure/2.1.4.RELEASE/spring-boot-actuator-autoconfigure-2.1.4.RELEASE.jar:/Users/kdaida/.m2/repository/org/springframework/boot/spring-boot-actuator/2.1.4.RELEASE/spring-boot-actuator-2.1.4.RELEASE.jar:/Users/kdaida/.m2/repository/io/micrometer/micrometer-core/1.1.4/micrometer-core-1.1.4.jar:/Users/kdaida/.m2/repository/org/hdrhistogram/HdrHistogram/2.1.9/HdrHistogram-2.1.9.jar:/Users/kdaida/.m2/repository/org/latencyutils/LatencyUtils/2.0.3/LatencyUtils-2.0.3.jar:/Users/kdaida/.m2/repository/io/springfox/springfox-swagger2/2.9.2/springfox-swagger2-2.9.2.jar:/Users/kdaida/.m2/repository/io/swagger/swagger-models/1.5.20/swagger-models-1.5.20.jar:/Users/kdaida/.m2/repository/io/springfox/springfox-spi/2.9.2/springfox-spi-2.9.2.jar:/Users/kdaida/.m2/repository/io/springfox/springfox-core/2.9.2/springfox-core-2.9.2.jar:/Users/kdaida/.m2/repository/io/springfox/springfox-schema/2.9.2/springfox-schema-2.9.2.jar:/Users/kdaida/.m2/repository/io/springfox/springfox-swagger-common/2.9.2/springfox-swagger-common-2.9.2.jar:/Users/kdaida/.m2/repository/io/springfox/springfox-spring-web/2.9.2/springfox-spring-web-2.9.2.jar:/Users/kdaida/.m2/repository/com/google/guava/guava/20.0/guava-20.0.jar:/Users/kdaida/.m2/repository/com/fasterxml/classmate/1.4.0/classmate-1.4.0.jar:/Users/kdaida/.m2/repository/org/springframework/plugin/spring-plugin-core/1.2.0.RELEASE/spring-plugin-core-1.2.0.RELEASE.jar:/Users/kdaida/.m2/repository/org/springframework/plugin/spring-plugin-metadata/1.2.0.RELEASE/spring-plugin-metadata-1.2.0.RELEASE.jar:/Users/kdaida/.m2/repository/org/mapstruct/mapstruct/1.2.0.Final/mapstruct-1.2.0.Final.jar:/Users/kdaida/.m2/repository/io/springfox/springfox-swagger-ui/2.9.2/springfox-swagger-ui-2.9.2.jar:/Users/kdaida/.m2/repository/org/springframework/boot/spring-boot-starter-test/2.1.4.RELEASE/spring-boot-starter-test-2.1.4.RELEASE.jar:/Users/kdaida/.m2/repository/org/springframework/boot/spring-boot-test/2.1.4.RELEASE/spring-boot-test-2.1.4.RELEASE.jar:/Users/kdaida/.m2/repository/org/springframework/boot/spring-boot-test-autoconfigure/2.1.4.RELEASE/spring-boot-test-autoconfigure-2.1.4.RELEASE.jar:/Users/kdaida/.m2/repository/com/jayway/jsonpath/json-path/2.4.0/json-path-2.4.0.jar:/Users/kdaida/.m2/repository/net/minidev/json-smart/2.3/json-smart-2.3.jar:/Users/kdaida/.m2/repository/net/minidev/accessors-smart/1.2/accessors-smart-1.2.jar:/Users/kdaida/.m2/repository/org/ow2/asm/asm/5.0.4/asm-5.0.4.jar:/Users/kdaida/.m2/repository/junit/junit/4.12/junit-4.12.jar:/Users/kdaida/.m2/repository/org/assertj/assertj-core/3.11.1/assertj-core-3.11.1.jar:/Users/kdaida/.m2/repository/org/mockito/mockito-core/2.23.4/mockito-core-2.23.4.jar:/Users/kdaida/.m2/repository/net/bytebuddy/byte-buddy-agent/1.9.12/byte-buddy-agent-1.9.12.jar:/Users/kdaida/.m2/repository/org/objenesis/objenesis/2.6/objenesis-2.6.jar:/Users/kdaida/.m2/repository/org/hamcrest/hamcrest-core/1.3/hamcrest-core-1.3.jar:/Users/kdaida/.m2/repository/org/hamcrest/hamcrest-library/1.3/hamcrest-library-1.3.jar:/Users/kdaida/.m2/repository/org/skyscreamer/jsonassert/1.5.0/jsonassert-1.5.0.jar:/Users/kdaida/.m2/repository/com/vaadin/external/google/android-json/0.0.20131108.vaadin1/android-json-0.0.20131108.vaadin1.jar:/Users/kdaida/.m2/repository/org/springframework/spring-test/5.1.6.RELEASE/spring-test-5.1.6.RELEASE.jar:/Users/kdaida/.m2/repository/org/xmlunit/xmlunit-core/2.6.2/xmlunit-core-2.6.2.jar:/Users/kdaida/.m2/repository/org/springframework/boot/spring-boot-devtools/2.1.4.RELEASE/spring-boot-devtools-2.1.4.RELEASE.jar:/Users/kdaida/.m2/repository/com/h2database/h2/1.4.199/h2-1.4.199.jar:"/>
    <property name="java.vm.vendor" value="Oracle Corporation"/>
    <property name="sun.arch.data.model" value="64"/>
    <property name="java.vendor.url" value="http://java.oracle.com/"/>
    <property name="user.timezone" value=""/>
    <property name="java.vm.specification.version" value="1.8"/>
    <property name="os.name" value="Mac OS X"/>
    <property name="user.country" value="IN"/>
    <property name="sun.java.launcher" value="SUN_STANDARD"/>
    <property name="sun.boot.library.path" value="/Library/Java/JavaVirtualMachines/jdk1.8.0_201.jdk/Contents/Home/jre/lib"/>
    <property name="sun.java.command" value="/Users/kdaida/Documents/Courses-Main/Mac-Udemy-Courses-Root/Course-06-AWS-Fargate-ECS-MasterClass/github-content/aws-fargate-ecs-masterclass/04-usermgmt-mysql-ECR-Integration/target/surefire/surefirebooter2601296776301107263.jar /Users/kdaida/Documents/Courses-Main/Mac-Udemy-Courses-Root/Course-06-AWS-Fargate-ECS-MasterClass/github-content/aws-fargate-ecs-masterclass/04-usermgmt-mysql-ECR-Integration/target/surefire 2019-12-12T10-36-09_555-jvmRun1 surefire825750416746546798tmp surefire_02937210469263242060tmp"/>
    <property name="http.nonProxyHosts" value="local|*.local|169.254/16|*.169.254/16"/>
    <property name="surefire.test.class.path" value="/Users/kdaida/Documents/Courses-Main/Mac-Udemy-Courses-Root/Course-06-AWS-Fargate-ECS-MasterClass/github-content/aws-fargate-ecs-masterclass/04-usermgmt-mysql-ECR-Integration/target/test-classes:/Users/kdaida/Documents/Courses-Main/Mac-Udemy-Courses-Root/Course-06-AWS-Fargate-ECS-MasterClass/github-content/aws-fargate-ecs-masterclass/04-usermgmt-mysql-ECR-Integration/target/classes:/Users/kdaida/.m2/repository/org/springframework/boot/spring-boot-starter-web/2.1.4.RELEASE/spring-boot-starter-web-2.1.4.RELEASE.jar:/Users/kdaida/.m2/repository/org/springframework/boot/spring-boot-starter/2.1.4.RELEASE/spring-boot-starter-2.1.4.RELEASE.jar:/Users/kdaida/.m2/repository/org/springframework/boot/spring-boot-starter-logging/2.1.4.RELEASE/spring-boot-starter-logging-2.1.4.RELEASE.jar:/Users/kdaida/.m2/repository/ch/qos/logback/logback-classic/1.2.3/logback-classic-1.2.3.jar:/Users/kdaida/.m2/repository/ch/qos/logback/logback-core/1.2.3/logback-core-1.2.3.jar:/Users/kdaida/.m2/repository/org/apache/logging/log4j/log4j-to-slf4j/2.11.2/log4j-to-slf4j-2.11.2.jar:/Users/kdaida/.m2/repository/org/apache/logging/log4j/log4j-api/2.11.2/log4j-api-2.11.2.jar:/Users/kdaida/.m2/repository/org/slf4j/jul-to-slf4j/1.7.26/jul-to-slf4j-1.7.26.jar:/Users/kdaida/.m2/repository/javax/annotation/javax.annotation-api/1.3.2/javax.annotation-api-1.3.2.jar:/Users/kdaida/.m2/repository/org/yaml/snakeyaml/1.23/snakeyaml-1.23.jar:/Users/kdaida/.m2/repository/org/springframework/boot/spring-boot-starter-json/2.1.4.RELEASE/spring-boot-starter-json-2.1.4.RELEASE.jar:/Users/kdaida/.m2/repository/com/fasterxml/jackson/datatype/jackson-datatype-jdk8/2.9.8/jackson-datatype-jdk8-2.9.8.jar:/Users/kdaida/.m2/repository/com/fasterxml/jackson/datatype/jackson-datatype-jsr310/2.9.8/jackson-datatype-jsr310-2.9.8.jar:/Users/kdaida/.m2/repository/com/fasterxml/jackson/module/jackson-module-parameter-names/2.9.8/jackson-module-parameter-names-2.9.8.jar:/Users/kdaida/.m2/repository/org/springframework/boot/spring-boot-starter-tomcat/2.1.4.RELEASE/spring-boot-starter-tomcat-2.1.4.RELEASE.jar:/Users/kdaida/.m2/repository/org/apache/tomcat/embed/tomcat-embed-core/9.0.17/tomcat-embed-core-9.0.17.jar:/Users/kdaida/.m2/repository/org/apache/tomcat/embed/tomcat-embed-el/9.0.17/tomcat-embed-el-9.0.17.jar:/Users/kdaida/.m2/repository/org/apache/tomcat/embed/tomcat-embed-websocket/9.0.17/tomcat-embed-websocket-9.0.17.jar:/Users/kdaida/.m2/repository/org/hibernate/validator/hibernate-validator/6.0.16.Final/hibernate-validator-6.0.16.Final.jar:/Users/kdaida/.m2/repository/javax/validation/validation-api/2.0.1.Final/validation-api-2.0.1.Final.jar:/Users/kdaida/.m2/repository/org/jboss/logging/jboss-logging/3.3.2.Final/jboss-logging-3.3.2.Final.jar:/Users/kdaida/.m2/repository/org/springframework/spring-web/5.1.6.RELEASE/spring-web-5.1.6.RELEASE.jar:/Users/kdaida/.m2/repository/org/springframework/spring-webmvc/5.1.6.RELEASE/spring-webmvc-5.1.6.RELEASE.jar:/Users/kdaida/.m2/repository/org/springframework/spring-expression/5.1.6.RELEASE/spring-expression-5.1.6.RELEASE.jar:/Users/kdaida/.m2/repository/org/springframework/boot/spring-boot-starter-data-jpa/2.1.4.RELEASE/spring-boot-starter-data-jpa-2.1.4.RELEASE.jar:/Users/kdaida/.m2/repository/org/springframework/boot/spring-boot-starter-aop/2.1.4.RELEASE/spring-boot-starter-aop-2.1.4.RELEASE.jar:/Users/kdaida/.m2/repository/org/aspectj/aspectjweaver/1.9.2/aspectjweaver-1.9.2.jar:/Users/kdaida/.m2/repository/org/springframework/boot/spring-boot-starter-jdbc/2.1.4.RELEASE/spring-boot-starter-jdbc-2.1.4.RELEASE.jar:/Users/kdaida/.m2/repository/com/zaxxer/HikariCP/3.2.0/HikariCP-3.2.0.jar:/Users/kdaida/.m2/repository/org/springframework/spring-jdbc/5.1.6.RELEASE/spring-jdbc-5.1.6.RELEASE.jar:/Users/kdaida/.m2/repository/javax/transaction/javax.transaction-api/1.3/javax.transaction-api-1.3.jar:/Users/kdaida/.m2/repository/javax/xml/bind/jaxb-api/2.3.1/jaxb-api-2.3.1.jar:/Users/kdaida/.m2/repository/javax/activation/javax.activation-api/1.2.0/javax.activation-api-1.2.0.jar:/Users/kdaida/.m2/repository/org/hibernate/hibernate-core/5.3.9.Final/hibernate-core-5.3.9.Final.jar:/Users/kdaida/.m2/repository/javax/persistence/javax.persistence-api/2.2/javax.persistence-api-2.2.jar:/Users/kdaida/.m2/repository/org/javassist/javassist/3.23.1-GA/javassist-3.23.1-GA.jar:/Users/kdaida/.m2/repository/net/bytebuddy/byte-buddy/1.9.12/byte-buddy-1.9.12.jar:/Users/kdaida/.m2/repository/antlr/antlr/2.7.7/antlr-2.7.7.jar:/Users/kdaida/.m2/repository/org/jboss/jandex/2.0.5.Final/jandex-2.0.5.Final.jar:/Users/kdaida/.m2/repository/org/dom4j/dom4j/2.1.1/dom4j-2.1.1.jar:/Users/kdaida/.m2/repository/org/hibernate/common/hibernate-commons-annotations/5.0.4.Final/hibernate-commons-annotations-5.0.4.Final.jar:/Users/kdaida/.m2/repository/org/springframework/data/spring-data-jpa/2.1.6.RELEASE/spring-data-jpa-2.1.6.RELEASE.jar:/Users/kdaida/.m2/repository/org/springframework/data/spring-data-commons/2.1.6.RELEASE/spring-data-commons-2.1.6.RELEASE.jar:/Users/kdaida/.m2/repository/org/springframework/spring-orm/5.1.6.RELEASE/spring-orm-5.1.6.RELEASE.jar:/Users/kdaida/.m2/repository/org/springframework/spring-tx/5.1.6.RELEASE/spring-tx-5.1.6.RELEASE.jar:/Users/kdaida/.m2/repository/org/springframework/spring-aspects/5.1.6.RELEASE/spring-aspects-5.1.6.RELEASE.jar:/Users/kdaida/.m2/repository/mysql/mysql-connector-java/8.0.15/mysql-connector-java-8.0.15.jar:/Users/kdaida/.m2/repository/org/apache/commons/commons-dbcp2/2.5.0/commons-dbcp2-2.5.0.jar:/Users/kdaida/.m2/repository/org/apache/commons/commons-pool2/2.6.1/commons-pool2-2.6.1.jar:/Users/kdaida/.m2/repository/commons-io/commons-io/2.5/commons-io-2.5.jar:/Users/kdaida/.m2/repository/org/springframework/boot/spring-boot-starter-security/2.1.4.RELEASE/spring-boot-starter-security-2.1.4.RELEASE.jar:/Users/kdaida/.m2/repository/org/springframework/spring-aop/5.1.6.RELEASE/spring-aop-5.1.6.RELEASE.jar:/Users/kdaida/.m2/repository/org/springframework/security/spring-security-config/5.1.5.RELEASE/spring-security-config-5.1.5.RELEASE.jar:/Users/kdaida/.m2/repository/org/springframework/security/spring-security-core/5.1.5.RELEASE/spring-security-core-5.1.5.RELEASE.jar:/Users/kdaida/.m2/repository/org/springframework/security/spring-security-web/5.1.5.RELEASE/spring-security-web-5.1.5.RELEASE.jar:/Users/kdaida/.m2/repository/org/springframework/security/oauth/boot/spring-security-oauth2-autoconfigure/2.1.4.RELEASE/spring-security-oauth2-autoconfigure-2.1.4.RELEASE.jar:/Users/kdaida/.m2/repository/com/fasterxml/jackson/core/jackson-annotations/2.9.0/jackson-annotations-2.9.0.jar:/Users/kdaida/.m2/repository/com/fasterxml/jackson/core/jackson-databind/2.9.8/jackson-databind-2.9.8.jar:/Users/kdaida/.m2/repository/com/sun/xml/bind/jaxb-core/2.3.0.1/jaxb-core-2.3.0.1.jar:/Users/kdaida/.m2/repository/com/sun/xml/bind/jaxb-impl/2.3.0.1/jaxb-impl-2.3.0.1.jar:/Users/kdaida/.m2/repository/org/springframework/boot/spring-boot/2.1.4.RELEASE/spring-boot-2.1.4.RELEASE.jar:/Users/kdaida/.m2/repository/org/springframework/boot/spring-boot-autoconfigure/2.1.4.RELEASE/spring-boot-autoconfigure-2.1.4.RELEASE.jar:/Users/kdaida/.m2/repository/org/springframework/security/oauth/spring-security-oauth2/2.3.5.RELEASE/spring-security-oauth2-2.3.5.RELEASE.jar:/Users/kdaida/.m2/repository/org/codehaus/jackson/jackson-mapper-asl/1.9.13/jackson-mapper-asl-1.9.13.jar:/Users/kdaida/.m2/repository/org/codehaus/jackson/jackson-core-asl/1.9.13/jackson-core-asl-1.9.13.jar:/Users/kdaida/.m2/repository/org/springframework/security/spring-security-jwt/1.0.10.RELEASE/spring-security-jwt-1.0.10.RELEASE.jar:/Users/kdaida/.m2/repository/org/bouncycastle/bcpkix-jdk15on/1.60/bcpkix-jdk15on-1.60.jar:/Users/kdaida/.m2/repository/commons-dbcp/commons-dbcp/1.4/commons-dbcp-1.4.jar:/Users/kdaida/.m2/repository/commons-pool/commons-pool/1.6/commons-pool-1.6.jar:/Users/kdaida/.m2/repository/org/springframework/boot/spring-boot-starter-cache/2.1.4.RELEASE/spring-boot-starter-cache-2.1.4.RELEASE.jar:/Users/kdaida/.m2/repository/com/vladsch/flexmark/flexmark-all/0.40.16/flexmark-all-0.40.16.jar:/Users/kdaida/.m2/repository/com/vladsch/flexmark/flexmark/0.40.16/flexmark-0.40.16.jar:/Users/kdaida/.m2/repository/com/vladsch/flexmark/flexmark-ext-abbreviation/0.40.16/flexmark-ext-abbreviation-0.40.16.jar:/Users/kdaida/.m2/repository/com/vladsch/flexmark/flexmark-ext-admonition/0.40.16/flexmark-ext-admonition-0.40.16.jar:/Users/kdaida/.m2/repository/com/vladsch/flexmark/flexmark-ext-anchorlink/0.40.16/flexmark-ext-anchorlink-0.40.16.jar:/Users/kdaida/.m2/repository/com/vladsch/flexmark/flexmark-ext-aside/0.40.16/flexmark-ext-aside-0.40.16.jar:/Users/kdaida/.m2/repository/com/vladsch/flexmark/flexmark-ext-attributes/0.40.16/flexmark-ext-attributes-0.40.16.jar:/Users/kdaida/.m2/repository/com/vladsch/flexmark/flexmark-ext-autolink/0.40.16/flexmark-ext-autolink-0.40.16.jar:/Users/kdaida/.m2/repository/org/nibor/autolink/autolink/0.6.0/autolink-0.6.0.jar:/Users/kdaida/.m2/repository/com/vladsch/flexmark/flexmark-ext-definition/0.40.16/flexmark-ext-definition-0.40.16.jar:/Users/kdaida/.m2/repository/com/vladsch/flexmark/flexmark-ext-emoji/0.40.16/flexmark-ext-emoji-0.40.16.jar:/Users/kdaida/.m2/repository/com/vladsch/flexmark/flexmark-ext-enumerated-reference/0.40.16/flexmark-ext-enumerated-reference-0.40.16.jar:/Users/kdaida/.m2/repository/com/vladsch/flexmark/flexmark-ext-escaped-character/0.40.16/flexmark-ext-escaped-character-0.40.16.jar:/Users/kdaida/.m2/repository/com/vladsch/flexmark/flexmark-ext-footnotes/0.40.16/flexmark-ext-footnotes-0.40.16.jar:/Users/kdaida/.m2/repository/com/vladsch/flexmark/flexmark-ext-gfm-issues/0.40.16/flexmark-ext-gfm-issues-0.40.16.jar:/Users/kdaida/.m2/repository/com/vladsch/flexmark/flexmark-ext-gfm-strikethrough/0.40.16/flexmark-ext-gfm-strikethrough-0.40.16.jar:/Users/kdaida/.m2/repository/com/vladsch/flexmark/flexmark-ext-gfm-tables/0.40.16/flexmark-ext-gfm-tables-0.40.16.jar:/Users/kdaida/.m2/repository/com/vladsch/flexmark/flexmark-ext-gfm-tasklist/0.40.16/flexmark-ext-gfm-tasklist-0.40.16.jar:/Users/kdaida/.m2/repository/com/vladsch/flexmark/flexmark-ext-gfm-users/0.40.16/flexmark-ext-gfm-users-0.40.16.jar:/Users/kdaida/.m2/repository/com/vladsch/flexmark/flexmark-ext-gitlab/0.40.16/flexmark-ext-gitlab-0.40.16.jar:/Users/kdaida/.m2/repository/com/vladsch/flexmark/flexmark-ext-jekyll-front-matter/0.40.16/flexmark-ext-jekyll-front-matter-0.40.16.jar:/Users/kdaida/.m2/repository/com/vladsch/flexmark/flexmark-ext-jekyll-tag/0.40.16/flexmark-ext-jekyll-tag-0.40.16.jar:/Users/kdaida/.m2/repository/com/vladsch/flexmark/flexmark-ext-media-tags/0.40.16/flexmark-ext-media-tags-0.40.16.jar:/Users/kdaida/.m2/repository/com/vladsch/flexmark/flexmark-ext-macros/0.40.16/flexmark-ext-macros-0.40.16.jar:/Users/kdaida/.m2/repository/com/vladsch/flexmark/flexmark-ext-ins/0.40.16/flexmark-ext-ins-0.40.16.jar:/Users/kdaida/.m2/repository/com/vladsch/flexmark/flexmark-ext-xwiki-macros/0.40.16/flexmark-ext-xwiki-macros-0.40.16.jar:/Users/kdaida/.m2/repository/com/vladsch/flexmark/flexmark-ext-superscript/0.40.16/flexmark-ext-superscript-0.40.16.jar:/Users/kdaida/.m2/repository/com/vladsch/flexmark/flexmark-ext-tables/0.40.16/flexmark-ext-tables-0.40.16.jar:/Users/kdaida/.m2/repository/com/vladsch/flexmark/flexmark-ext-toc/0.40.16/flexmark-ext-toc-0.40.16.jar:/Users/kdaida/.m2/repository/com/vladsch/flexmark/flexmark-ext-typographic/0.40.16/flexmark-ext-typographic-0.40.16.jar:/Users/kdaida/.m2/repository/com/vladsch/flexmark/flexmark-ext-wikilink/0.40.16/flexmark-ext-wikilink-0.40.16.jar:/Users/kdaida/.m2/repository/com/vladsch/flexmark/flexmark-ext-yaml-front-matter/0.40.16/flexmark-ext-yaml-front-matter-0.40.16.jar:/Users/kdaida/.m2/repository/com/vladsch/flexmark/flexmark-ext-youtube-embedded/0.40.16/flexmark-ext-youtube-embedded-0.40.16.jar:/Users/kdaida/.m2/repository/com/vladsch/flexmark/flexmark-formatter/0.40.16/flexmark-formatter-0.40.16.jar:/Users/kdaida/.m2/repository/com/vladsch/flexmark/flexmark-html-parser/0.40.16/flexmark-html-parser-0.40.16.jar:/Users/kdaida/.m2/repository/org/jsoup/jsoup/1.10.2/jsoup-1.10.2.jar:/Users/kdaida/.m2/repository/com/vladsch/flexmark/flexmark-jira-converter/0.40.16/flexmark-jira-converter-0.40.16.jar:/Users/kdaida/.m2/repository/com/vladsch/flexmark/flexmark-pdf-converter/0.40.16/flexmark-pdf-converter-0.40.16.jar:/Users/kdaida/.m2/repository/com/openhtmltopdf/openhtmltopdf-core/0.0.1-RC13/openhtmltopdf-core-0.0.1-RC13.jar:/Users/kdaida/.m2/repository/com/openhtmltopdf/openhtmltopdf-pdfbox/0.0.1-RC13/openhtmltopdf-pdfbox-0.0.1-RC13.jar:/Users/kdaida/.m2/repository/org/apache/pdfbox/pdfbox/2.0.8/pdfbox-2.0.8.jar:/Users/kdaida/.m2/repository/org/apache/pdfbox/fontbox/2.0.8/fontbox-2.0.8.jar:/Users/kdaida/.m2/repository/org/apache/pdfbox/xmpbox/2.0.8/xmpbox-2.0.8.jar:/Users/kdaida/.m2/repository/de/rototor/pdfbox/graphics2d/0.12/graphics2d-0.12.jar:/Users/kdaida/.m2/repository/com/openhtmltopdf/openhtmltopdf-rtl-support/0.0.1-RC13/openhtmltopdf-rtl-support-0.0.1-RC13.jar:/Users/kdaida/.m2/repository/com/ibm/icu/icu4j/59.1/icu4j-59.1.jar:/Users/kdaida/.m2/repository/com/openhtmltopdf/openhtmltopdf-jsoup-dom-converter/0.0.1-RC13/openhtmltopdf-jsoup-dom-converter-0.0.1-RC13.jar:/Users/kdaida/.m2/repository/com/vladsch/flexmark/flexmark-profile-pegdown/0.40.16/flexmark-profile-pegdown-0.40.16.jar:/Users/kdaida/.m2/repository/com/vladsch/flexmark/flexmark-util/0.40.16/flexmark-util-0.40.16.jar:/Users/kdaida/.m2/repository/com/vladsch/flexmark/flexmark-youtrack-converter/0.40.16/flexmark-youtrack-converter-0.40.16.jar:/Users/kdaida/.m2/repository/com/github/jknack/handlebars/4.1.2/handlebars-4.1.2.jar:/Users/kdaida/.m2/repository/org/slf4j/slf4j-api/1.7.26/slf4j-api-1.7.26.jar:/Users/kdaida/.m2/repository/org/json/json/20180813/json-20180813.jar:/Users/kdaida/.m2/repository/org/apache/commons/commons-text/1.1/commons-text-1.1.jar:/Users/kdaida/.m2/repository/org/apache/commons/commons-lang3/3.8.1/commons-lang3-3.8.1.jar:/Users/kdaida/.m2/repository/org/apache/poi/poi/3.15/poi-3.15.jar:/Users/kdaida/.m2/repository/commons-codec/commons-codec/1.11/commons-codec-1.11.jar:/Users/kdaida/.m2/repository/org/apache/commons/commons-collections4/4.1/commons-collections4-4.1.jar:/Users/kdaida/.m2/repository/org/apache/poi/poi-ooxml-schemas/3.15/poi-ooxml-schemas-3.15.jar:/Users/kdaida/.m2/repository/org/apache/xmlbeans/xmlbeans/2.6.0/xmlbeans-2.6.0.jar:/Users/kdaida/.m2/repository/stax/stax-api/1.0.1/stax-api-1.0.1.jar:/Users/kdaida/.m2/repository/org/apache/poi/poi-ooxml/3.15/poi-ooxml-3.15.jar:/Users/kdaida/.m2/repository/com/github/virtuald/curvesapi/1.04/curvesapi-1.04.jar:/Users/kdaida/.m2/repository/fr/opensagres/xdocreport/org.apache.poi.xwpf.converter.core/1.0.6/org.apache.poi.xwpf.converter.core-1.0.6.jar:/Users/kdaida/.m2/repository/org/apache/poi/ooxml-schemas/1.1/ooxml-schemas-1.1.jar:/Users/kdaida/.m2/repository/fr/opensagres/xdocreport/org.apache.poi.xwpf.converter.pdf/1.0.6/org.apache.poi.xwpf.converter.pdf-1.0.6.jar:/Users/kdaida/.m2/repository/fr/opensagres/xdocreport/fr.opensagres.xdocreport.itext.extension/2.0.0/fr.opensagres.xdocreport.itext.extension-2.0.0.jar:/Users/kdaida/.m2/repository/com/lowagie/itext/2.1.7/itext-2.1.7.jar:/Users/kdaida/.m2/repository/com/itextpdf/itextpdf/5.5.13/itextpdf-5.5.13.jar:/Users/kdaida/.m2/repository/org/springframework/spring-context-support/5.1.6.RELEASE/spring-context-support-5.1.6.RELEASE.jar:/Users/kdaida/.m2/repository/org/springframework/spring-beans/5.1.6.RELEASE/spring-beans-5.1.6.RELEASE.jar:/Users/kdaida/.m2/repository/org/springframework/spring-context/5.1.6.RELEASE/spring-context-5.1.6.RELEASE.jar:/Users/kdaida/.m2/repository/org/springframework/spring-core/5.1.6.RELEASE/spring-core-5.1.6.RELEASE.jar:/Users/kdaida/.m2/repository/org/springframework/spring-jcl/5.1.6.RELEASE/spring-jcl-5.1.6.RELEASE.jar:/Users/kdaida/.m2/repository/javax/mail/javax.mail-api/1.5.5/javax.mail-api-1.5.5.jar:/Users/kdaida/.m2/repository/javax/mail/mail/1.4.7/mail-1.4.7.jar:/Users/kdaida/.m2/repository/javax/activation/activation/1.1/activation-1.1.jar:/Users/kdaida/.m2/repository/com/docusign/docusign-esign-java/2.9.0/docusign-esign-java-2.9.0.jar:/Users/kdaida/.m2/repository/io/swagger/swagger-annotations/1.5.8/swagger-annotations-1.5.8.jar:/Users/kdaida/.m2/repository/com/sun/jersey/jersey-client/1.19.1/jersey-client-1.19.1.jar:/Users/kdaida/.m2/repository/com/sun/jersey/jersey-core/1.19.1/jersey-core-1.19.1.jar:/Users/kdaida/.m2/repository/javax/ws/rs/jsr311-api/1.1.1/jsr311-api-1.1.1.jar:/Users/kdaida/.m2/repository/com/sun/jersey/contribs/jersey-multipart/1.19.1/jersey-multipart-1.19.1.jar:/Users/kdaida/.m2/repository/org/jvnet/mimepull/mimepull/1.9.11/mimepull-1.9.11.jar:/Users/kdaida/.m2/repository/com/fasterxml/jackson/core/jackson-core/2.9.8/jackson-core-2.9.8.jar:/Users/kdaida/.m2/repository/com/fasterxml/jackson/jaxrs/jackson-jaxrs-json-provider/2.9.8/jackson-jaxrs-json-provider-2.9.8.jar:/Users/kdaida/.m2/repository/com/fasterxml/jackson/jaxrs/jackson-jaxrs-base/2.9.8/jackson-jaxrs-base-2.9.8.jar:/Users/kdaida/.m2/repository/com/fasterxml/jackson/module/jackson-module-jaxb-annotations/2.9.8/jackson-module-jaxb-annotations-2.9.8.jar:/Users/kdaida/.m2/repository/com/fasterxml/jackson/dataformat/jackson-dataformat-csv/2.9.8/jackson-dataformat-csv-2.9.8.jar:/Users/kdaida/.m2/repository/com/fasterxml/jackson/datatype/jackson-datatype-joda/2.9.8/jackson-datatype-joda-2.9.8.jar:/Users/kdaida/.m2/repository/joda-time/joda-time/2.10.1/joda-time-2.10.1.jar:/Users/kdaida/.m2/repository/org/apache/oltu/oauth2/org.apache.oltu.oauth2.client/1.0.2/org.apache.oltu.oauth2.client-1.0.2.jar:/Users/kdaida/.m2/repository/org/apache/oltu/oauth2/org.apache.oltu.oauth2.common/1.0.2/org.apache.oltu.oauth2.common-1.0.2.jar:/Users/kdaida/.m2/repository/com/auth0/java-jwt/3.4.1/java-jwt-3.4.1.jar:/Users/kdaida/.m2/repository/org/bouncycastle/bcprov-jdk15on/1.60/bcprov-jdk15on-1.60.jar:/Users/kdaida/.m2/repository/com/brsanthu/migbase64/2.2/migbase64-2.2.jar:/Users/kdaida/.m2/repository/com/opencsv/opencsv/4.5/opencsv-4.5.jar:/Users/kdaida/.m2/repository/commons-beanutils/commons-beanutils/1.9.3/commons-beanutils-1.9.3.jar:/Users/kdaida/.m2/repository/commons-logging/commons-logging/1.2/commons-logging-1.2.jar:/Users/kdaida/.m2/repository/commons-collections/commons-collections/3.2.2/commons-collections-3.2.2.jar:/Users/kdaida/.m2/repository/org/springframework/boot/spring-boot-starter-actuator/2.1.4.RELEASE/spring-boot-starter-actuator-2.1.4.RELEASE.jar:/Users/kdaida/.m2/repository/org/springframework/boot/spring-boot-actuator-autoconfigure/2.1.4.RELEASE/spring-boot-actuator-autoconfigure-2.1.4.RELEASE.jar:/Users/kdaida/.m2/repository/org/springframework/boot/spring-boot-actuator/2.1.4.RELEASE/spring-boot-actuator-2.1.4.RELEASE.jar:/Users/kdaida/.m2/repository/io/micrometer/micrometer-core/1.1.4/micrometer-core-1.1.4.jar:/Users/kdaida/.m2/repository/org/hdrhistogram/HdrHistogram/2.1.9/HdrHistogram-2.1.9.jar:/Users/kdaida/.m2/repository/org/latencyutils/LatencyUtils/2.0.3/LatencyUtils-2.0.3.jar:/Users/kdaida/.m2/repository/io/springfox/springfox-swagger2/2.9.2/springfox-swagger2-2.9.2.jar:/Users/kdaida/.m2/repository/io/swagger/swagger-models/1.5.20/swagger-models-1.5.20.jar:/Users/kdaida/.m2/repository/io/springfox/springfox-spi/2.9.2/springfox-spi-2.9.2.jar:/Users/kdaida/.m2/repository/io/springfox/springfox-core/2.9.2/springfox-core-2.9.2.jar:/Users/kdaida/.m2/repository/io/springfox/springfox-schema/2.9.2/springfox-schema-2.9.2.jar:/Users/kdaida/.m2/repository/io/springfox/springfox-swagger-common/2.9.2/springfox-swagger-common-2.9.2.jar:/Users/kdaida/.m2/repository/io/springfox/springfox-spring-web/2.9.2/springfox-spring-web-2.9.2.jar:/Users/kdaida/.m2/repository/com/google/guava/guava/20.0/guava-20.0.jar:/Users/kdaida/.m2/repository/com/fasterxml/classmate/1.4.0/classmate-1.4.0.jar:/Users/kdaida/.m2/repository/org/springframework/plugin/spring-plugin-core/1.2.0.RELEASE/spring-plugin-core-1.2.0.RELEASE.jar:/Users/kdaida/.m2/repository/org/springframework/plugin/spring-plugin-metadata/1.2.0.RELEASE/spring-plugin-metadata-1.2.0.RELEASE.jar:/Users/kdaida/.m2/repository/org/mapstruct/mapstruct/1.2.0.Final/mapstruct-1.2.0.Final.jar:/Users/kdaida/.m2/repository/io/springfox/springfox-swagger-ui/2.9.2/springfox-swagger-ui-2.9.2.jar:/Users/kdaida/.m2/repository/org/springframework/boot/spring-boot-starter-test/2.1.4.RELEASE/spring-boot-starter-test-2.1.4.RELEASE.jar:/Users/kdaida/.m2/repository/org/springframework/boot/spring-boot-test/2.1.4.RELEASE/spring-boot-test-2.1.4.RELEASE.jar:/Users/kdaida/.m2/repository/org/springframework/boot/spring-boot-test-autoconfigure/2.1.4.RELEASE/spring-boot-test-autoconfigure-2.1.4.RELEASE.jar:/Users/kdaida/.m2/repository/com/jayway/jsonpath/json-path/2.4.0/json-path-2.4.0.jar:/Users/kdaida/.m2/repository/net/minidev/json-smart/2.3/json-smart-2.3.jar:/Users/kdaida/.m2/repository/net/minidev/accessors-smart/1.2/accessors-smart-1.2.jar:/Users/kdaida/.m2/repository/org/ow2/asm/asm/5.0.4/asm-5.0.4.jar:/Users/kdaida/.m2/repository/junit/junit/4.12/junit-4.12.jar:/Users/kdaida/.m2/repository/org/assertj/assertj-core/3.11.1/assertj-core-3.11.1.jar:/Users/kdaida/.m2/repository/org/mockito/mockito-core/2.23.4/mockito-core-2.23.4.jar:/Users/kdaida/.m2/repository/net/bytebuddy/byte-buddy-agent/1.9.12/byte-buddy-agent-1.9.12.jar:/Users/kdaida/.m2/repository/org/objenesis/objenesis/2.6/objenesis-2.6.jar:/Users/kdaida/.m2/repository/org/hamcrest/hamcrest-core/1.3/hamcrest-core-1.3.jar:/Users/kdaida/.m2/repository/org/hamcrest/hamcrest-library/1.3/hamcrest-library-1.3.jar:/Users/kdaida/.m2/repository/org/skyscreamer/jsonassert/1.5.0/jsonassert-1.5.0.jar:/Users/kdaida/.m2/repository/com/vaadin/external/google/android-json/0.0.20131108.vaadin1/android-json-0.0.20131108.vaadin1.jar:/Users/kdaida/.m2/repository/org/springframework/spring-test/5.1.6.RELEASE/spring-test-5.1.6.RELEASE.jar:/Users/kdaida/.m2/repository/org/xmlunit/xmlunit-core/2.6.2/xmlunit-core-2.6.2.jar:/Users/kdaida/.m2/repository/org/springframework/boot/spring-boot-devtools/2.1.4.RELEASE/spring-boot-devtools-2.1.4.RELEASE.jar:/Users/kdaida/.m2/repository/com/h2database/h2/1.4.199/h2-1.4.199.jar:"/>
    <property name="sun.cpu.endian" value="little"/>
    <property name="user.home" value="/Users/kdaida"/>
    <property name="user.language" value="en"/>
    <property name="java.specification.vendor" value="Oracle Corporation"/>
    <property name="java.home" value="/Library/Java/JavaVirtualMachines/jdk1.8.0_201.jdk/Contents/Home/jre"/>
    <property name="basedir" value="/Users/kdaida/Documents/Courses-Main/Mac-Udemy-Courses-Root/Course-06-AWS-Fargate-ECS-MasterClass/github-content/aws-fargate-ecs-masterclass/04-usermgmt-mysql-ECR-Integration"/>
    <property name="file.separator" value="/"/>
    <property name="line.separator" value="&#10;"/>
    <property name="java.vm.specification.vendor" value="Oracle Corporation"/>
    <property name="java.specification.name" value="Java Platform API Specification"/>
    <property name="java.awt.graphicsenv" value="sun.awt.CGraphicsEnvironment"/>
    <property name="surefire.real.class.path" value="/Users/kdaida/Documents/Courses-Main/Mac-Udemy-Courses-Root/Course-06-AWS-Fargate-ECS-MasterClass/github-content/aws-fargate-ecs-masterclass/04-usermgmt-mysql-ECR-Integration/target/surefire/surefirebooter2601296776301107263.jar"/>
    <property name="sun.boot.class.path" value="/Library/Java/JavaVirtualMachines/jdk1.8.0_201.jdk/Contents/Home/jre/lib/resources.jar:/Library/Java/JavaVirtualMachines/jdk1.8.0_201.jdk/Contents/Home/jre/lib/rt.jar:/Library/Java/JavaVirtualMachines/jdk1.8.0_201.jdk/Contents/Home/jre/lib/sunrsasign.jar:/Library/Java/JavaVirtualMachines/jdk1.8.0_201.jdk/Contents/Home/jre/lib/jsse.jar:/Library/Java/JavaVirtualMachines/jdk1.8.0_201.jdk/Contents/Home/jre/lib/jce.jar:/Library/Java/JavaVirtualMachines/jdk1.8.0_201.jdk/Contents/Home/jre/lib/charsets.jar:/Library/Java/JavaVirtualMachines/jdk1.8.0_201.jdk/Contents/Home/jre/lib/jfr.jar:/Library/Java/JavaVirtualMachines/jdk1.8.0_201.jdk/Contents/Home/jre/classes"/>
    <property name="sun.management.compiler" value="HotSpot 64-Bit Tiered Compilers"/>
    <property name="ftp.nonProxyHosts" value="local|*.local|169.254/16|*.169.254/16"/>
    <property name="java.runtime.version" value="1.8.0_201-b09"/>
    <property name="user.name" value="kdaida"/>
    <property name="path.separator" value=":"/>
    <property name="os.version" value="10.14.6"/>
    <property name="java.endorsed.dirs" value="/Library/Java/JavaVirtualMachines/jdk1.8.0_201.jdk/Contents/Home/jre/lib/endorsed"/>
    <property name="java.runtime.name" value="Java(TM) SE Runtime Environment"/>
    <property name="file.encoding" value="UTF-8"/>
    <property name="java.vm.name" value="Java HotSpot(TM) 64-Bit Server VM"/>
    <property name="localRepository" value="/Users/kdaida/.m2/repository"/>
    <property name="java.vendor.url.bug" value="http://bugreport.sun.com/bugreport/"/>
    <property name="java.io.tmpdir" value="/var/folders/1z/v0bnj78j18v59vm5nzxs6h3c0000gn/T/"/>
    <property name="java.version" value="1.8.0_201"/>
    <property name="user.dir" value="/Users/kdaida/Documents/Courses-Main/Mac-Udemy-Courses-Root/Course-06-AWS-Fargate-ECS-MasterClass/github-content/aws-fargate-ecs-masterclass/04-usermgmt-mysql-ECR-Integration"/>
    <property name="os.arch" value="x86_64"/>
    <property name="java.vm.specification.name" value="Java Virtual Machine Specification"/>
    <property name="java.awt.printerjob" value="sun.lwawt.macosx.CPrinterJob"/>
    <property name="sun.os.patch.level" value="unknown"/>
    <property name="java.library.path" value="/Users/kdaida/Library/Java/Extensions:/Library/Java/Extensions:/Network/Library/Java/Extensions:/System/Library/Java/Extensions:/usr/lib/java:."/>
    <property name="java.vm.info" value="mixed mode"/>
    <property name="java.vendor" value="Oracle Corporation"/>
    <property name="java.vm.version" value="25.201-b09"/>
    <property name="java.ext.dirs" value="/Users/kdaida/Library/Java/Extensions:/Library/Java/JavaVirtualMachines/jdk1.8.0_201.jdk/Contents/Home/jre/lib/ext:/Library/Java/Extensions:/Network/Library/Java/Extensions:/System/Library/Java/Extensions:/usr/lib/java"/>
    <property name="sun.io.unicode.encoding" value="UnicodeBig"/>
    <property name="java.class.version" value="52.0"/>
    <property name="socksNonProxyHosts" value="local|*.local|169.254/16|*.169.254/16"/>
  </properties>
  <testcase name="contextLoads" classname="com.stacksimplify.restservices.UserManagementApplicationTests" time="0.002"/>
</testsuite>